#
# A fatal error has been detected by the Java Runtime Environment:
#
#  EXCEPTION_ACCESS_VIOLATION (0xc0000005) at pc=0x00000000614332f5, pid=15712, tid=0x000000000000445c
#
# JRE version: Java(TM) SE Runtime Environment (8.0_201-b09) (build 1.8.0_201-b09)
# Java VM: Java HotSpot(TM) 64-Bit Server VM (25.201-b09 mixed mode windows-amd64 compressed oops)
# Problematic frame:
# V  [jvm.dll+0x732f5]
#
# Failed to write core dump. Minidumps are not enabled by default on client versions of Windows
#
# If you would like to submit a bug report, please visit:
#   http://bugreport.java.com/bugreport/crash.jsp
#

---------------  T H R E A D  ---------------

Current thread (0x000000001d199800):  VMThread [stack: 0x000000001ee80000,0x000000001ef80000] [id=17500]

siginfo: ExceptionCode=0xc0000005, reading address 0x00000000ca9c6b90

Registers:
RAX=0x00000000ca9c6b48, RBX=0x0000000003752800, RCX=0x000000001cbe95c0, RDX=0x0000000061433201
RSP=0x000000001ef7ee28, RBP=0x00000000614332f0, RSI=0x0000000000000000, RDI=0x0000000000000000
R8 =0x000000000376e790, R9 =0x00000000038508da, R10=0x000000001ef7eeb0, R11=0x000000001f07f310
R12=0x000000001d0257d8, R13=0x00000000000003d8, R14=0x000000001d025400, R15=0x000000001d0257d8
RIP=0x00000000614332f5, EFLAGS=0x0000000000010246

Top of Stack: (sp=0x000000001ef7ee28)
0x000000001ef7ee28:   000000006160301e 000000001d19d000
0x000000001ef7ee38:   00000000614332f0 0000000000000028
0x000000001ef7ee48:   000000006145b45f 000000001f07f320
0x000000001ef7ee58:   00000000038508da 0000000003850790
0x000000001ef7ee68:   00007ffc00000000 000000001f07f400
0x000000001ef7ee78:   000000001f07f320 000000001f07f320
0x000000001ef7ee88:   00000000038508da 0000000003850790
0x000000001ef7ee98:   00007ffc00000000 000000001f07f400
0x000000001ef7eea8:   000000001f07f320 000000001ef7ef00
0x000000001ef7eeb8:   0000000000000000 0000000000000008
0x000000001ef7eec8:   00000000035ef850 0000000061b7a878
0x000000001ef7eed8:   0000000061602fa0 0000000003752800
0x000000001ef7eee8:   0000000000000000 0000000000000008
0x000000001ef7eef8:   00000000000000d8 000000001f07f310
0x000000001ef7ef08:   000000001f07f310 0000000003850790
0x000000001ef7ef18:   0000000000000000 00000000035ef980 

Instructions: (pc=0x00000000614332f5)
0x00000000614332d5:   24 60 48 8b 6c 24 68 48 8b 74 24 70 48 83 c4 30
0x00000000614332e5:   41 5f 41 5e 41 5d 41 5c 5f c3 cc 48 8b 01 b2 01
0x00000000614332f5:   48 ff 60 48 cc cc cc cc cc cc cc 48 8d 15 e9 ff
0x0000000061433305:   ff ff e9 a4 5b 02 00 cc cc cc cc 48 89 5c 24 08 


Register to memory mapping:

RAX=0x00000000ca9c6b48 is an unknown value
RBX=0x0000000003752800 is a thread
RCX=0x000000001cbe95c0 is pointing into metadata
RDX=0x0000000061433201 is an unknown value
RSP=0x000000001ef7ee28 is an unknown value
RBP=0x00000000614332f0 is an unknown value
RSI=0x0000000000000000 is an unknown value
RDI=0x0000000000000000 is an unknown value
R8 =0x000000000376e790 is an unknown value
R9 =0x00000000038508da is at begin+179 in a stub
StubRoutines::call_stub [0x0000000003850827, 0x000000000385098b[ (356 bytes)
R10=0x000000001ef7eeb0 is an unknown value
R11=0x000000001f07f310 is pointing into the stack for thread: 0x000000001d19d000
R12=0x000000001d0257d8 is an unknown value
R13=0x00000000000003d8 is an unknown value
R14=0x000000001d025400 is an unknown value
R15=0x000000001d0257d8 is an unknown value


Stack: [0x000000001ee80000,0x000000001ef80000],  sp=0x000000001ef7ee28,  free space=1019k
Native frames: (J=compiled Java code, j=interpreted, Vv=VM code, C=native code)
V  [jvm.dll+0x732f5]

VM_Operation (0x000000001f90f2e0): RedefineClasses, mode: safepoint, requested by thread 0x000000001f110000


---------------  P R O C E S S  ---------------

Java Threads: ( => current thread )
  0x000000001f1c1800 JavaThread "Service Thread" daemon [_thread_blocked, id=9108, stack(0x000000001ff10000,0x0000000020010000)]
  0x000000001f1cd800 JavaThread "C1 CompilerThread3" daemon [_thread_blocked, id=3432, stack(0x000000001fe10000,0x000000001ff10000)]
  0x000000001f1c6800 JavaThread "C2 CompilerThread2" daemon [_thread_blocked, id=17020, stack(0x000000001fd10000,0x000000001fe10000)]
  0x000000001f1c6000 JavaThread "C2 CompilerThread1" daemon [_thread_blocked, id=17360, stack(0x000000001fc10000,0x000000001fd10000)]
  0x000000001f1c3000 JavaThread "C2 CompilerThread0" daemon [_thread_blocked, id=5324, stack(0x000000001fb10000,0x000000001fc10000)]
  0x000000001f120000 JavaThread "JDWP Command Reader" daemon [_thread_in_native, id=10464, stack(0x000000001fa10000,0x000000001fb10000)]
  0x000000001f11c800 JavaThread "JDWP Event Helper Thread" daemon [_thread_blocked, id=4392, stack(0x000000001f910000,0x000000001fa10000)]
  0x000000001f110000 JavaThread "JDWP Transport Listener: dt_socket" daemon [_thread_blocked, id=16428, stack(0x000000001f810000,0x000000001f910000)]
  0x000000001f0bb000 JavaThread "Attach Listener" daemon [_thread_blocked, id=7892, stack(0x000000001f710000,0x000000001f810000)]
  0x000000001f0b9000 JavaThread "Signal Dispatcher" daemon [_thread_blocked, id=12588, stack(0x000000001f610000,0x000000001f710000)]
  0x000000001f0a0800 JavaThread "Finalizer" daemon [_thread_blocked, id=14148, stack(0x000000001f480000,0x000000001f580000)]
  0x000000001d19d000 JavaThread "Reference Handler" daemon [_thread_blocked, id=16560, stack(0x000000001ef80000,0x000000001f080000)]
  0x0000000003752800 JavaThread "main" [_thread_blocked, id=10564, stack(0x00000000034f0000,0x00000000035f0000)]

Other Threads:
=>0x000000001d199800 VMThread [stack: 0x000000001ee80000,0x000000001ef80000] [id=17500]
  0x000000001f2d5000 WatcherThread [stack: 0x0000000020010000,0x0000000020110000] [id=9492]

VM state:at safepoint (normal execution)

VM Mutex/Monitor currently owned by a thread:  ([mutex/lock_event])
[0x000000000198db50] Threads_lock - owner thread: 0x000000001d199800

heap address: 0x00000006c3200000, size: 4046 MB, Compressed Oops mode: Zero based, Oop shift amount: 3
Narrow klass base: 0x0000000000000000, Narrow klass shift: 3
Compressed class space size: 1073741824 Address: 0x00000007c0000000

Heap:
 PSYoungGen      total 75776K, used 7810K [0x000000076bb80000, 0x0000000771000000, 0x00000007c0000000)
  eden space 65024K, 12% used [0x000000076bb80000,0x000000076c320868,0x000000076fb00000)
  from space 10752K, 0% used [0x0000000770580000,0x0000000770580000,0x0000000771000000)
  to   space 10752K, 0% used [0x000000076fb00000,0x000000076fb00000,0x0000000770580000)
 ParOldGen       total 173568K, used 0K [0x00000006c3200000, 0x00000006cdb80000, 0x000000076bb80000)
  object space 173568K, 0% used [0x00000006c3200000,0x00000006c3200000,0x00000006cdb80000)
 Metaspace       used 4947K, capacity 5090K, committed 5248K, reserved 1056768K
  class space    used 543K, capacity 593K, committed 640K, reserved 1048576K

Card table byte_map: [0x0000000012c10000,0x0000000013400000] byte_map_base: 0x000000000f5f7000

Marking Bits: (ParMarkBitMap*) 0x0000000061be4ce0
 Begin Bits: [0x0000000014150000, 0x0000000018088000)
 End Bits:   [0x0000000018088000, 0x000000001bfc0000)

Polling page: 0x00000000014a0000

CodeCache: size=245760Kb used=1368Kb max_used=1379Kb free=244391Kb
 bounds [0x0000000003850000, 0x0000000003ac0000, 0x0000000012850000]
 total_blobs=420 nmethods=134 adapters=207
 compilation: enabled

Compilation events (10 events):
Event: 6838.700 Thread 0x000000001f1cd800  131       3       org.eclipse.jdt.launching.internal.org.objectweb.asm.ClassReader::readStringish (16 bytes)
Event: 6838.700 Thread 0x000000001f1cd800 nmethod 131 0x00000000039a4cd0 code [0x00000000039a4e60, 0x00000000039a5328]
Event: 6845.698 Thread 0x000000001f1cd800  132       3       org.eclipse.jdt.launching.internal.org.objectweb.asm.SymbolTable::addConstantClass (8 bytes)
Event: 6845.698 Thread 0x000000001f1cd800 nmethod 132 0x00000000039a5690 code [0x00000000039a5800, 0x00000000039a59a8]
Event: 6879.372 Thread 0x000000001f1c6000  133       4       org.eclipse.jdt.launching.internal.org.objectweb.asm.ByteVector::putUTF8 (144 bytes)
Event: 6879.382 Thread 0x000000001f1c6000 nmethod 133 0x00000000039a8d50 code [0x00000000039a8ec0, 0x00000000039a95a8]
Event: 7388.959 Thread 0x000000001f1cd800  134       3       org.eclipse.jdt.launching.internal.org.objectweb.asm.ClassReader::createDebugLabel (23 bytes)
Event: 7388.959 Thread 0x000000001f1cd800 nmethod 134 0x00000000039a8390 code [0x00000000039a8520, 0x00000000039a8a10]
Event: 7633.524 Thread 0x000000001f1cd800  136       3       org.eclipse.jdt.launching.internal.org.objectweb.asm.ByteVector::putUTF8 (144 bytes)
Event: 7633.524 Thread 0x000000001f1c3000  137       4       org.eclipse.jdt.launching.internal.org.objectweb.asm.ClassReader::readUtf (161 bytes)

GC Heap History (0 events):
No events

Deoptimization events (1 events):
Event: 7388.959 Thread 0x000000001f110000 Uncommon trap: reason=unstable_if action=reinterpret pc=0x00000000039a92b4 method=org.eclipse.jdt.launching.internal.org.objectweb.asm.ByteVector.putUTF8(Ljava/lang/String;)Lorg/eclipse/jdt/launching/internal/org/objectweb/asm/ByteVector; @ 100

Classes redefined (10 events):
Event: 6799.658 Thread 0x000000001d199800 redefined class name=Main, count=48
Event: 6838.699 Thread 0x000000001d199800 redefined class name=Main, count=49
Event: 6845.699 Thread 0x000000001d199800 redefined class name=Main, count=50
Event: 6861.810 Thread 0x000000001d199800 redefined class name=Main, count=51
Event: 6867.325 Thread 0x000000001d199800 redefined class name=Main, count=52
Event: 6872.883 Thread 0x000000001d199800 redefined class name=Main, count=53
Event: 6879.372 Thread 0x000000001d199800 redefined class name=Main, count=54
Event: 6884.391 Thread 0x000000001d199800 redefined class name=Main, count=55
Event: 7381.474 Thread 0x000000001d199800 redefined class name=Main, count=56
Event: 7388.961 Thread 0x000000001d199800 redefined class name=Main, count=57

Internal exceptions (2 events):
Event: 0.188 Thread 0x0000000003752800 Exception <a 'java/lang/NoSuchMethodError': Method sun.misc.Unsafe.defineClass(Ljava/lang/String;[BII)Ljava/lang/Class; name or signature does not match> (0x000000076bb87cb0) thrown at [C:\re\workspace\8-2-build-windows-amd64-cygwin\jdk8u201\12322\hotspot
Event: 0.188 Thread 0x0000000003752800 Exception <a 'java/lang/NoSuchMethodError': Method sun.misc.Unsafe.prefetchRead(Ljava/lang/Object;J)V name or signature does not match> (0x000000076bb87f98) thrown at [C:\re\workspace\8-2-build-windows-amd64-cygwin\jdk8u201\12322\hotspot\src\share\vm\prim

Events (10 events):
Event: 7388.959 Thread 0x000000001f110000 DEOPT UNPACKING pc=0x000000000389583b sp=0x000000001f90d5f8 mode 2
Event: 7388.960 Executing VM operation: RedefineClasses
Event: 7388.961 Executing VM operation: RedefineClasses done
Event: 7388.964 Executing VM operation: ChangeBreakpoints
Event: 7388.965 Executing VM operation: ChangeBreakpoints done
Event: 7389.024 Executing VM operation: GetOwnedMonitorInfo
Event: 7389.024 Executing VM operation: GetOwnedMonitorInfo done
Event: 7389.025 Executing VM operation: GetCurrentContendedMonitor
Event: 7389.025 Executing VM operation: GetCurrentContendedMonitor done
Event: 7633.525 Executing VM operation: RedefineClasses


Dynamic libraries:
0x00007ff783f20000 - 0x00007ff783f57000 	C:\Program Files\Java\jre1.8.0_201\bin\javaw.exe
0x00007ffc8fcb0000 - 0x00007ffc8fe9d000 	C:\Windows\SYSTEM32\ntdll.dll
0x00007ffc8f850000 - 0x00007ffc8f903000 	C:\Windows\System32\KERNEL32.DLL
0x00007ffc8c040000 - 0x00007ffc8c2d3000 	C:\Windows\System32\KERNELBASE.dll
0x00007ffc8d690000 - 0x00007ffc8d733000 	C:\Windows\System32\ADVAPI32.dll
0x00007ffc8f210000 - 0x00007ffc8f2ae000 	C:\Windows\System32\msvcrt.dll
0x00007ffc8d100000 - 0x00007ffc8d19e000 	C:\Windows\System32\sechost.dll
0x00007ffc8f720000 - 0x00007ffc8f842000 	C:\Windows\System32\RPCRT4.dll
0x00007ffc8cf60000 - 0x00007ffc8d0f7000 	C:\Windows\System32\USER32.dll
0x00007ffc8be30000 - 0x00007ffc8be50000 	C:\Windows\System32\win32u.dll
0x00007ffc8f1e0000 - 0x00007ffc8f209000 	C:\Windows\System32\GDI32.dll
0x00007ffc8c2e0000 - 0x00007ffc8c47a000 	C:\Windows\System32\gdi32full.dll
0x00007ffc8bfa0000 - 0x00007ffc8c040000 	C:\Windows\System32\msvcp_win.dll
0x00007ffc8be50000 - 0x00007ffc8bf4a000 	C:\Windows\System32\ucrtbase.dll
0x00007ffc79340000 - 0x00007ffc795b9000 	C:\Windows\WinSxS\amd64_microsoft.windows.common-controls_6595b64144ccf1df_6.0.17763.379_none_05b83be8071c94a1\COMCTL32.dll
0x00007ffc8f3f0000 - 0x00007ffc8f71d000 	C:\Windows\System32\combase.dll
0x00007ffc8cc20000 - 0x00007ffc8cc9e000 	C:\Windows\System32\bcryptPrimitives.dll
0x00007ffc8d740000 - 0x00007ffc8d76e000 	C:\Windows\System32\IMM32.DLL
0x0000000061200000 - 0x00000000612d1000 	C:\Program Files\Java\jre1.8.0_201\bin\msvcr100.dll
0x00000000613c0000 - 0x0000000061c64000 	C:\Program Files\Java\jre1.8.0_201\bin\server\jvm.dll
0x00007ffc8f3e0000 - 0x00007ffc8f3e8000 	C:\Windows\System32\PSAPI.DLL
0x00007ffc895c0000 - 0x00007ffc895e4000 	C:\Windows\SYSTEM32\WINMM.dll
0x00007ffc87b50000 - 0x00007ffc87b59000 	C:\Windows\SYSTEM32\WSOCK32.dll
0x00007ffc8ece0000 - 0x00007ffc8ed4d000 	C:\Windows\System32\WS2_32.dll
0x00007ffc83910000 - 0x00007ffc8391a000 	C:\Windows\SYSTEM32\VERSION.dll
0x00007ffc89590000 - 0x00007ffc895bd000 	C:\Windows\SYSTEM32\WINMMBASE.dll
0x00007ffc8bf50000 - 0x00007ffc8bf9a000 	C:\Windows\System32\cfgmgr32.dll
0x00007ffc87b40000 - 0x00007ffc87b4f000 	C:\Program Files\Java\jre1.8.0_201\bin\verify.dll
0x00007ffc82cf0000 - 0x00007ffc82d19000 	C:\Program Files\Java\jre1.8.0_201\bin\java.dll
0x00007ffc85070000 - 0x00007ffc850a5000 	C:\Program Files\Java\jre1.8.0_201\bin\jdwp.dll
0x00007ffc89760000 - 0x00007ffc89768000 	C:\Program Files\Java\jre1.8.0_201\bin\npt.dll
0x00007ffc82c10000 - 0x00007ffc82c33000 	C:\Program Files\Java\jre1.8.0_201\bin\instrument.dll
0x00007ffc86020000 - 0x00007ffc86036000 	C:\Program Files\Java\jre1.8.0_201\bin\zip.dll
0x00007ffc8d770000 - 0x00007ffc8ec60000 	C:\Windows\System32\SHELL32.dll
0x00007ffc8d250000 - 0x00007ffc8d2f8000 	C:\Windows\System32\shcore.dll
0x00007ffc8c480000 - 0x00007ffc8cbca000 	C:\Windows\System32\windows.storage.dll
0x00007ffc8bd30000 - 0x00007ffc8bd54000 	C:\Windows\System32\profapi.dll
0x00007ffc8bcb0000 - 0x00007ffc8bd0d000 	C:\Windows\System32\powrprof.dll
0x00007ffc8f910000 - 0x00007ffc8f962000 	C:\Windows\System32\shlwapi.dll
0x00007ffc8bd10000 - 0x00007ffc8bd21000 	C:\Windows\System32\kernel.appcore.dll
0x00007ffc8cc00000 - 0x00007ffc8cc17000 	C:\Windows\System32\cryptsp.dll
0x00007ffc87b80000 - 0x00007ffc87b89000 	C:\Program Files\Java\jre1.8.0_201\bin\dt_socket.dll
0x00007ffc5bf80000 - 0x00007ffc5bf96000 	C:\Windows\system32\napinsp.dll
0x00007ffc5a5c0000 - 0x00007ffc5a5da000 	C:\Windows\system32\pnrpnsp.dll
0x00007ffc8b530000 - 0x00007ffc8b597000 	C:\Windows\System32\mswsock.dll
0x00007ffc8b2d0000 - 0x00007ffc8b396000 	C:\Windows\SYSTEM32\DNSAPI.dll
0x00007ffc8fc70000 - 0x00007ffc8fc78000 	C:\Windows\System32\NSI.dll
0x00007ffc8b290000 - 0x00007ffc8b2cd000 	C:\Windows\SYSTEM32\IPHLPAPI.DLL
0x00007ffc6edf0000 - 0x00007ffc6edfe000 	C:\Windows\System32\winrnr.dll
0x00007ffc87de0000 - 0x00007ffc87dfb000 	C:\Windows\system32\NLAapi.dll
0x00007ffc83920000 - 0x00007ffc83935000 	C:\Windows\system32\wshbth.dll
0x00007ffc7d680000 - 0x00007ffc7d6f9000 	C:\Windows\System32\fwpuclnt.dll
0x00007ffc8cbd0000 - 0x00007ffc8cbf6000 	C:\Windows\System32\bcrypt.dll
0x00007ffc7b030000 - 0x00007ffc7b03a000 	C:\Windows\System32\rasadhlp.dll
0x00007ffc8a480000 - 0x00007ffc8a66d000 	C:\Windows\SYSTEM32\dbghelp.dll

VM Arguments:
jvm_args: -agentlib:jdwp=transport=dt_socket,suspend=y,address=localhost:51695 -javaagent:C:\Users\adgir\eclipse\jee-2018-12\eclipse\configuration\org.eclipse.osgi\405\0\.cp\lib\javaagent-shaded.jar -Dfile.encoding=UTF-8 
java_command: Main
java_class_path (initial): C:\Users\adgir\eclipse-workspace\BakeryTycoon\bin;C:\Users\adgir\OneDrive\Desktop\team_nova\5주\JLayer1.0.1\jl1.0.1.jar;C:\Users\adgir\eclipse\jee-2018-12\eclipse\configuration\org.eclipse.osgi\405\0\.cp\lib\javaagent-shaded.jar
Launcher Type: SUN_STANDARD

Environment Variables:
JAVA_HOME=C:\Program Files\Java\jdk1.8.0_201
CLASSPATH=C:\Program Files\Java\jdk1.8.0_201\lib
PATH=C:/Program Files/Java/jre1.8.0_201/bin/server;C:/Program Files/Java/jre1.8.0_201/bin;C:/Program Files/Java/jre1.8.0_201/lib/amd64;C:\Program Files (x86)\Common Files\Oracle\Java\javapath;C:\Program Files (x86)\Intel\Intel(R) Management Engine Components\iCLS\;C:\Program Files\Intel\Intel(R) Management Engine Components\iCLS\;C:\Windows\system32;C:\Windows;C:\Windows\System32\Wbem;C:\Windows\System32\WindowsPowerShell\v1.0\;C:\Windows\System32\OpenSSH\;C:\Program Files (x86)\Intel\Intel(R) Management Engine Components\DAL;C:\Program Files\Intel\Intel(R) Management Engine Components\DAL;C:\Program Files\Java\jdk1.8.0_201\bin;C:\Users\adgir\AppData\Local\Microsoft\WindowsApps;C:\Users\adgir\AppData\Local\GitHubDesktop\bin;C:\Windows\System32;
USERNAME=adgir
OS=Windows_NT
PROCESSOR_IDENTIFIER=Intel64 Family 6 Model 142 Stepping 11, GenuineIntel



---------------  S Y S T E M  ---------------

OS: Windows 10.0 , 64 bit Build 17763 (10.0.17763.379)

CPU:total 8 (initial active 8) (4 cores per cpu, 2 threads per core) family 6 model 142 stepping 11, cmov, cx8, fxsr, mmx, sse, sse2, sse3, ssse3, sse4.1, sse4.2, popcnt, avx, avx2, aes, clmul, erms, 3dnowpref, lzcnt, ht, tsc, tscinvbit, bmi1, bmi2, adx

Memory: 4k page, physical 16566304k(10351064k free), swap 34392096k(27108788k free)

vm_info: Java HotSpot(TM) 64-Bit Server VM (25.201-b09) for windows-amd64 JRE (1.8.0_201-b09), built on Dec 15 2018 18:36:39 by "java_re" with MS VC++ 10.0 (VS2010)

time: Thu Apr 04 23:16:01 2019
timezone: 대한민국 표준시
elapsed time: 7633 seconds (0d 2h 7m 13s)

